app/build/intermediates/manifest_merge_blame_file/release/processReleaseMainManifest/manifest-merger-blame-release-report.txt
1<?xml version="1.0" encoding="utf-8"?>
2<manifest xmlns:android="http://schemas.android.com/apk/res/android"
3    package="com.bydlauncher"
4    android:versionCode="2"
5    android:versionName="1.1.0" >
6
7    <uses-sdk
8        android:minSdkVersion="28"
9        android:targetSdkVersion="34" />
10
11    <uses-permission android:name="android.permission.INTERNET" />
11-->src/main/AndroidManifest.xml:4:5-67
11-->src/main/AndroidManifest.xml:4:22-64
12    <uses-permission android:name="android.permission.ACCESS_COARSE_LOCATION" />
12-->src/main/AndroidManifest.xml:5:5-81
12-->src/main/AndroidManifest.xml:5:22-78
13    <uses-permission android:name="android.permission.ACCESS_FINE_LOCATION" />
13-->src/main/AndroidManifest.xml:6:5-79
13-->src/main/AndroidManifest.xml:6:22-76
14    <uses-permission android:name="android.permission.READ_CALENDAR" />
14-->src/main/AndroidManifest.xml:7:5-72
14-->src/main/AndroidManifest.xml:7:22-69
15
16    <permission
16-->[androidx.core:core:1.12.0] AndroidManifest.xml:22:5-24:47
17        android:name="com.bydlauncher.DYNAMIC_RECEIVER_NOT_EXPORTED_PERMISSION"
17-->[androidx.core:core:1.12.0] AndroidManifest.xml:23:9-81
18        android:protectionLevel="signature" />
18-->[androidx.core:core:1.12.0] AndroidManifest.xml:24:9-44
19
20    <uses-permission android:name="com.bydlauncher.DYNAMIC_RECEIVER_NOT_EXPORTED_PERMISSION" />
20-->[androidx.core:core:1.12.0] AndroidManifest.xml:26:5-97
20-->[androidx.core:core:1.12.0] AndroidManifest.xml:26:22-94
21
22    <application
22-->src/main/AndroidManifest.xml:9:5-52:19
23        android:name="com.bydlauncher.LauncherApplication"
23-->src/main/AndroidManifest.xml:10:9-44
24        android:allowBackup="false"
24-->src/main/AndroidManifest.xml:11:9-36
25        android:appComponentFactory="androidx.core.app.CoreComponentFactory"
25-->[androidx.core:core:1.12.0] AndroidManifest.xml:28:18-86
26        android:extractNativeLibs="false"
27        android:icon="@mipmap/ic_launcher"
27-->src/main/AndroidManifest.xml:12:9-43
28        android:label="@string/app_name"
28-->src/main/AndroidManifest.xml:13:9-41
29        android:roundIcon="@mipmap/ic_launcher_round"
29-->src/main/AndroidManifest.xml:14:9-54
30        android:supportsRtl="true"
30-->src/main/AndroidManifest.xml:15:9-35
31        android:theme="@style/Theme.BYDLauncher" >
31-->src/main/AndroidManifest.xml:16:9-49
32
33        <!--
34            Kinex와 동일한 구조:
35            - MainActivity: HOME + HOME_ONLY + DEFAULT (LAUNCHER 없음)
36            - activity-alias: LAUNCHER 전용
37            DiLink는 HOME + LAUNCHER가 같은 activity에 있으면 설치를 차단함.
38        -->
39        <activity
39-->src/main/AndroidManifest.xml:24:9-38:20
40            android:name="com.bydlauncher.MainActivity"
40-->src/main/AndroidManifest.xml:25:13-41
41            android:configChanges="orientation|screenSize|screenLayout|keyboardHidden"
41-->src/main/AndroidManifest.xml:30:13-87
42            android:exported="true"
42-->src/main/AndroidManifest.xml:26:13-36
43            android:launchMode="singleTask"
43-->src/main/AndroidManifest.xml:27:13-44
44            android:screenOrientation="unspecified"
44-->src/main/AndroidManifest.xml:29:13-52
45            android:stateNotNeeded="true"
45-->src/main/AndroidManifest.xml:28:13-42
46            android:windowSoftInputMode="adjustNothing" >
46-->src/main/AndroidManifest.xml:31:13-56
47            <intent-filter>
47-->src/main/AndroidManifest.xml:32:13-37:29
48                <action android:name="android.intent.action.MAIN" />
48-->src/main/AndroidManifest.xml:33:17-69
48-->src/main/AndroidManifest.xml:33:25-66
49
50                <category android:name="android.intent.category.HOME" />
50-->src/main/AndroidManifest.xml:34:17-73
50-->src/main/AndroidManifest.xml:34:27-70
51                <category android:name="android.intent.category.HOME_ONLY" />
51-->src/main/AndroidManifest.xml:35:17-78
51-->src/main/AndroidManifest.xml:35:27-75
52                <category android:name="android.intent.category.DEFAULT" />
52-->src/main/AndroidManifest.xml:36:17-76
52-->src/main/AndroidManifest.xml:36:27-73
53            </intent-filter>
54        </activity> <!-- 앱 서랍 진입점 (Kinex의 MainActivityLauncher alias와 동일) -->
55        <activity-alias
55-->src/main/AndroidManifest.xml:41:9-50:26
56            android:name="com.bydlauncher.MainActivityLauncher"
56-->src/main/AndroidManifest.xml:42:13-49
57            android:enabled="true"
57-->src/main/AndroidManifest.xml:45:13-35
58            android:exported="true"
58-->src/main/AndroidManifest.xml:44:13-36
59            android:targetActivity="com.bydlauncher.MainActivity" >
59-->src/main/AndroidManifest.xml:43:13-51
60            <intent-filter>
60-->src/main/AndroidManifest.xml:46:13-49:29
61                <action android:name="android.intent.action.MAIN" />
61-->src/main/AndroidManifest.xml:33:17-69
61-->src/main/AndroidManifest.xml:33:25-66
62
63                <category android:name="android.intent.category.LAUNCHER" />
63-->src/main/AndroidManifest.xml:48:17-77
63-->src/main/AndroidManifest.xml:48:27-74
64            </intent-filter>
65        </activity-alias>
66
67        <provider
67-->[androidx.emoji2:emoji2:1.3.0] AndroidManifest.xml:24:9-32:20
68            android:name="androidx.startup.InitializationProvider"
68-->[androidx.emoji2:emoji2:1.3.0] AndroidManifest.xml:25:13-67
69            android:authorities="com.bydlauncher.androidx-startup"
69-->[androidx.emoji2:emoji2:1.3.0] AndroidManifest.xml:26:13-68
70            android:exported="false" >
70-->[androidx.emoji2:emoji2:1.3.0] AndroidManifest.xml:27:13-37
71            <meta-data
71-->[androidx.emoji2:emoji2:1.3.0] AndroidManifest.xml:29:13-31:52
72                android:name="androidx.emoji2.text.EmojiCompatInitializer"
72-->[androidx.emoji2:emoji2:1.3.0] AndroidManifest.xml:30:17-75
73                android:value="androidx.startup" />
73-->[androidx.emoji2:emoji2:1.3.0] AndroidManifest.xml:31:17-49
74            <meta-data
74-->[androidx.lifecycle:lifecycle-process:2.7.0] AndroidManifest.xml:29:13-31:52
75                android:name="androidx.lifecycle.ProcessLifecycleInitializer"
75-->[androidx.lifecycle:lifecycle-process:2.7.0] AndroidManifest.xml:30:17-78
76                android:value="androidx.startup" />
76-->[androidx.lifecycle:lifecycle-process:2.7.0] AndroidManifest.xml:31:17-49
77            <meta-data
77-->[androidx.profileinstaller:profileinstaller:1.3.1] AndroidManifest.xml:29:13-31:52
78                android:name="androidx.profileinstaller.ProfileInstallerInitializer"
78-->[androidx.profileinstaller:profileinstaller:1.3.1] AndroidManifest.xml:30:17-85
79                android:value="androidx.startup" />
79-->[androidx.profileinstaller:profileinstaller:1.3.1] AndroidManifest.xml:31:17-49
80        </provider>
81
82        <receiver
82-->[androidx.profileinstaller:profileinstaller:1.3.1] AndroidManifest.xml:34:9-52:20
83            android:name="androidx.profileinstaller.ProfileInstallReceiver"
83-->[androidx.profileinstaller:profileinstaller:1.3.1] AndroidManifest.xml:35:13-76
84            android:directBootAware="false"
84-->[androidx.profileinstaller:profileinstaller:1.3.1] AndroidManifest.xml:36:13-44
85            android:enabled="true"
85-->[androidx.profileinstaller:profileinstaller:1.3.1] AndroidManifest.xml:37:13-35
86            android:exported="true"
86-->[androidx.profileinstaller:profileinstaller:1.3.1] AndroidManifest.xml:38:13-36
87            android:permission="android.permission.DUMP" >
87-->[androidx.profileinstaller:profileinstaller:1.3.1] AndroidManifest.xml:39:13-57
88            <intent-filter>
88-->[androidx.profileinstaller:profileinstaller:1.3.1] AndroidManifest.xml:40:13-42:29
89                <action android:name="androidx.profileinstaller.action.INSTALL_PROFILE" />
89-->[androidx.profileinstaller:profileinstaller:1.3.1] AndroidManifest.xml:41:17-91
89-->[androidx.profileinstaller:profileinstaller:1.3.1] AndroidManifest.xml:41:25-88
90            </intent-filter>
91            <intent-filter>
91-->[androidx.profileinstaller:profileinstaller:1.3.1] AndroidManifest.xml:43:13-45:29
92                <action android:name="androidx.profileinstaller.action.SKIP_FILE" />
92-->[androidx.profileinstaller:profileinstaller:1.3.1] AndroidManifest.xml:44:17-85
92-->[androidx.profileinstaller:profileinstaller:1.3.1] AndroidManifest.xml:44:25-82
93            </intent-filter>
94            <intent-filter>
94-->[androidx.profileinstaller:profileinstaller:1.3.1] AndroidManifest.xml:46:13-48:29
95                <action android:name="androidx.profileinstaller.action.SAVE_PROFILE" />
95-->[androidx.profileinstaller:profileinstaller:1.3.1] AndroidManifest.xml:47:17-88
95-->[androidx.profileinstaller:profileinstaller:1.3.1] AndroidManifest.xml:47:25-85
96            </intent-filter>
97            <intent-filter>
97-->[androidx.profileinstaller:profileinstaller:1.3.1] AndroidManifest.xml:49:13-51:29
98                <action android:name="androidx.profileinstaller.action.BENCHMARK_OPERATION" />
98-->[androidx.profileinstaller:profileinstaller:1.3.1] AndroidManifest.xml:50:17-95
98-->[androidx.profileinstaller:profileinstaller:1.3.1] AndroidManifest.xml:50:25-92
99            </intent-filter>
100        </receiver>
101    </application>
102
103</manifest>